&&&& RUNNING TensorRT.trtexec [TensorRT v8601] # trtexec --verbose --noDataTransfers --useCudaGraph --separateProfileRun --useSpinWait --loadEngine=../../models/engine/yolo11s-fp16.engine --exportTimes=../../models/engine/yolo11s-fp16.engine.timing.json --exportProfile=../../models/engine/yolo11s-fp16.engine.profile.json --exportLayerInfo=../../models/engine/yolo11s-fp16.engine.graph.json --timingCacheFile=./timing.cache --profilingVerbosity=detailed
[01/17/2025-11:07:36] [I] === Model Options ===
[01/17/2025-11:07:36] [I] Format: *
[01/17/2025-11:07:36] [I] Model: 
[01/17/2025-11:07:36] [I] Output:
[01/17/2025-11:07:36] [I] === Build Options ===
[01/17/2025-11:07:36] [I] Max batch: 1
[01/17/2025-11:07:36] [I] Memory Pools: workspace: default, dlaSRAM: default, dlaLocalDRAM: default, dlaGlobalDRAM: default
[01/17/2025-11:07:36] [I] minTiming: 1
[01/17/2025-11:07:36] [I] avgTiming: 8
[01/17/2025-11:07:36] [I] Precision: FP32
[01/17/2025-11:07:36] [I] LayerPrecisions: 
[01/17/2025-11:07:36] [I] Layer Device Types: 
[01/17/2025-11:07:36] [I] Calibration: 
[01/17/2025-11:07:36] [I] Refit: Disabled
[01/17/2025-11:07:36] [I] Version Compatible: Disabled
[01/17/2025-11:07:36] [I] TensorRT runtime: full
[01/17/2025-11:07:36] [I] Lean DLL Path: 
[01/17/2025-11:07:36] [I] Tempfile Controls: { in_memory: allow, temporary: allow }
[01/17/2025-11:07:36] [I] Exclude Lean Runtime: Disabled
[01/17/2025-11:07:36] [I] Sparsity: Disabled
[01/17/2025-11:07:36] [I] Safe mode: Disabled
[01/17/2025-11:07:36] [I] Build DLA standalone loadable: Disabled
[01/17/2025-11:07:36] [I] Allow GPU fallback for DLA: Disabled
[01/17/2025-11:07:36] [I] DirectIO mode: Disabled
[01/17/2025-11:07:36] [I] Restricted mode: Disabled
[01/17/2025-11:07:36] [I] Skip inference: Disabled
[01/17/2025-11:07:36] [I] Save engine: 
[01/17/2025-11:07:36] [I] Load engine: ../../models/engine/yolo11s-fp16.engine
[01/17/2025-11:07:36] [I] Profiling verbosity: 2
[01/17/2025-11:07:36] [I] Tactic sources: Using default tactic sources
[01/17/2025-11:07:36] [I] timingCacheMode: global
[01/17/2025-11:07:36] [I] timingCacheFile: ./timing.cache
[01/17/2025-11:07:36] [I] Heuristic: Disabled
[01/17/2025-11:07:36] [I] Preview Features: Use default preview flags.
[01/17/2025-11:07:36] [I] MaxAuxStreams: -1
[01/17/2025-11:07:36] [I] BuilderOptimizationLevel: -1
[01/17/2025-11:07:36] [I] Input(s)s format: fp32:CHW
[01/17/2025-11:07:36] [I] Output(s)s format: fp32:CHW
[01/17/2025-11:07:36] [I] Input build shapes: model
[01/17/2025-11:07:36] [I] Input calibration shapes: model
[01/17/2025-11:07:36] [I] === System Options ===
[01/17/2025-11:07:36] [I] Device: 0
[01/17/2025-11:07:36] [I] DLACore: 
[01/17/2025-11:07:36] [I] Plugins:
[01/17/2025-11:07:36] [I] setPluginsToSerialize:
[01/17/2025-11:07:36] [I] dynamicPlugins:
[01/17/2025-11:07:36] [I] ignoreParsedPluginLibs: 0
[01/17/2025-11:07:36] [I] 
[01/17/2025-11:07:36] [I] === Inference Options ===
[01/17/2025-11:07:36] [I] Batch: 1
[01/17/2025-11:07:36] [I] Input inference shapes: model
[01/17/2025-11:07:36] [I] Iterations: 10
[01/17/2025-11:07:36] [I] Duration: 3s (+ 200ms warm up)
[01/17/2025-11:07:36] [I] Sleep time: 0ms
[01/17/2025-11:07:36] [I] Idle time: 0ms
[01/17/2025-11:07:36] [I] Inference Streams: 1
[01/17/2025-11:07:36] [I] ExposeDMA: Disabled
[01/17/2025-11:07:36] [I] Data transfers: Disabled
[01/17/2025-11:07:36] [I] Spin-wait: Enabled
[01/17/2025-11:07:36] [I] Multithreading: Disabled
[01/17/2025-11:07:36] [I] CUDA Graph: Enabled
[01/17/2025-11:07:36] [I] Separate profiling: Enabled
[01/17/2025-11:07:36] [I] Time Deserialize: Disabled
[01/17/2025-11:07:36] [I] Time Refit: Disabled
[01/17/2025-11:07:36] [I] NVTX verbosity: 2
[01/17/2025-11:07:36] [I] Persistent Cache Ratio: 0
[01/17/2025-11:07:36] [I] Inputs:
[01/17/2025-11:07:36] [I] === Reporting Options ===
[01/17/2025-11:07:36] [I] Verbose: Enabled
[01/17/2025-11:07:36] [I] Averages: 10 inferences
[01/17/2025-11:07:36] [I] Percentiles: 90,95,99
[01/17/2025-11:07:36] [I] Dump refittable layers:Disabled
[01/17/2025-11:07:36] [I] Dump output: Disabled
[01/17/2025-11:07:36] [I] Profile: Disabled
[01/17/2025-11:07:36] [I] Export timing to JSON file: ../../models/engine/yolo11s-fp16.engine.timing.json
[01/17/2025-11:07:36] [I] Export output to JSON file: 
[01/17/2025-11:07:36] [I] Export profile to JSON file: ../../models/engine/yolo11s-fp16.engine.profile.json
[01/17/2025-11:07:36] [I] 
[01/17/2025-11:07:36] [I] === Device Information ===
[01/17/2025-11:07:36] [I] Selected Device: NVIDIA GeForce RTX 4070 Ti SUPER
[01/17/2025-11:07:36] [I] Compute Capability: 8.9
[01/17/2025-11:07:36] [I] SMs: 66
[01/17/2025-11:07:36] [I] Device Global Memory: 16375 MiB
[01/17/2025-11:07:36] [I] Shared Memory per SM: 100 KiB
[01/17/2025-11:07:36] [I] Memory Bus Width: 256 bits (ECC disabled)
[01/17/2025-11:07:36] [I] Application Compute Clock Rate: 2.625 GHz
[01/17/2025-11:07:36] [I] Application Memory Clock Rate: 10.501 GHz
[01/17/2025-11:07:36] [I] 
[01/17/2025-11:07:36] [I] Note: The application clock rates do not reflect the actual clock rates that the GPU is currently running at.
[01/17/2025-11:07:36] [I] 
[01/17/2025-11:07:36] [I] TensorRT version: 8.6.1
[01/17/2025-11:07:36] [I] Loading standard plugins
[01/17/2025-11:07:36] [V] [TRT] Registered plugin creator - ::BatchedNMSDynamic_TRT version 1
[01/17/2025-11:07:36] [V] [TRT] Registered plugin creator - ::BatchedNMS_TRT version 1
[01/17/2025-11:07:36] [V] [TRT] Registered plugin creator - ::BatchTilePlugin_TRT version 1
[01/17/2025-11:07:36] [V] [TRT] Registered plugin creator - ::Clip_TRT version 1
[01/17/2025-11:07:36] [V] [TRT] Registered plugin creator - ::CoordConvAC version 1
[01/17/2025-11:07:36] [V] [TRT] Registered plugin creator - ::CropAndResizeDynamic version 1
[01/17/2025-11:07:36] [V] [TRT] Registered plugin creator - ::CropAndResize version 1
[01/17/2025-11:07:36] [V] [TRT] Registered plugin creator - ::DecodeBbox3DPlugin version 1
[01/17/2025-11:07:36] [V] [TRT] Registered plugin creator - ::DetectionLayer_TRT version 1
[01/17/2025-11:07:36] [V] [TRT] Registered plugin creator - ::EfficientNMS_Explicit_TF_TRT version 1
[01/17/2025-11:07:36] [V] [TRT] Registered plugin creator - ::EfficientNMS_Implicit_TF_TRT version 1
[01/17/2025-11:07:36] [V] [TRT] Registered plugin creator - ::EfficientNMS_ONNX_TRT version 1
[01/17/2025-11:07:36] [V] [TRT] Registered plugin creator - ::EfficientNMS_TRT version 1
[01/17/2025-11:07:36] [V] [TRT] Registered plugin creator - ::FlattenConcat_TRT version 1
[01/17/2025-11:07:36] [V] [TRT] Registered plugin creator - ::GenerateDetection_TRT version 1
[01/17/2025-11:07:36] [V] [TRT] Registered plugin creator - ::GridAnchor_TRT version 1
[01/17/2025-11:07:36] [V] [TRT] Registered plugin creator - ::GridAnchorRect_TRT version 1
[01/17/2025-11:07:36] [V] [TRT] Registered plugin creator - ::InstanceNormalization_TRT version 1
[01/17/2025-11:07:36] [V] [TRT] Registered plugin creator - ::InstanceNormalization_TRT version 2
[01/17/2025-11:07:36] [V] [TRT] Registered plugin creator - ::LReLU_TRT version 1
[01/17/2025-11:07:36] [V] [TRT] Registered plugin creator - ::ModulatedDeformConv2d version 1
[01/17/2025-11:07:36] [V] [TRT] Registered plugin creator - ::MultilevelCropAndResize_TRT version 1
[01/17/2025-11:07:36] [V] [TRT] Registered plugin creator - ::MultilevelProposeROI_TRT version 1
[01/17/2025-11:07:36] [V] [TRT] Registered plugin creator - ::MultiscaleDeformableAttnPlugin_TRT version 1
[01/17/2025-11:07:36] [V] [TRT] Registered plugin creator - ::NMSDynamic_TRT version 1
[01/17/2025-11:07:36] [V] [TRT] Registered plugin creator - ::NMS_TRT version 1
[01/17/2025-11:07:36] [V] [TRT] Registered plugin creator - ::Normalize_TRT version 1
[01/17/2025-11:07:36] [V] [TRT] Registered plugin creator - ::PillarScatterPlugin version 1
[01/17/2025-11:07:36] [V] [TRT] Registered plugin creator - ::PriorBox_TRT version 1
[01/17/2025-11:07:36] [V] [TRT] Registered plugin creator - ::ProposalDynamic version 1
[01/17/2025-11:07:36] [V] [TRT] Registered plugin creator - ::ProposalLayer_TRT version 1
[01/17/2025-11:07:36] [V] [TRT] Registered plugin creator - ::Proposal version 1
[01/17/2025-11:07:36] [V] [TRT] Registered plugin creator - ::PyramidROIAlign_TRT version 1
[01/17/2025-11:07:36] [V] [TRT] Registered plugin creator - ::Region_TRT version 1
[01/17/2025-11:07:36] [V] [TRT] Registered plugin creator - ::Reorg_TRT version 1
[01/17/2025-11:07:36] [V] [TRT] Registered plugin creator - ::ResizeNearest_TRT version 1
[01/17/2025-11:07:36] [V] [TRT] Registered plugin creator - ::ROIAlign_TRT version 1
[01/17/2025-11:07:36] [V] [TRT] Registered plugin creator - ::RPROI_TRT version 1
[01/17/2025-11:07:36] [V] [TRT] Registered plugin creator - ::ScatterND version 1
[01/17/2025-11:07:36] [V] [TRT] Registered plugin creator - ::SpecialSlice_TRT version 1
[01/17/2025-11:07:36] [V] [TRT] Registered plugin creator - ::Split version 1
[01/17/2025-11:07:36] [V] [TRT] Registered plugin creator - ::VoxelGeneratorPlugin version 1
[01/17/2025-11:07:36] [I] Engine loaded in 0.0469904 sec.
[01/17/2025-11:07:36] [I] [TRT] Loaded engine size: 22 MiB
[01/17/2025-11:07:36] [V] [TRT] Deserialization required 74977 microseconds.
[01/17/2025-11:07:36] [I] [TRT] [MemUsageChange] TensorRT-managed allocation in engine deserialization: CPU +0, GPU +18, now: CPU 0, GPU 18 (MiB)
[01/17/2025-11:07:36] [I] Engine deserialized in 0.100035 sec.
[01/17/2025-11:07:36] [V] [TRT] Total per-runner device persistent memory is 2048
[01/17/2025-11:07:36] [V] [TRT] Total per-runner host persistent memory is 499760
[01/17/2025-11:07:36] [V] [TRT] Allocated activation device memory of size 19046400
[01/17/2025-11:07:36] [I] [TRT] [MemUsageChange] TensorRT-managed allocation in IExecutionContext creation: CPU +0, GPU +18, now: CPU 0, GPU 36 (MiB)
[01/17/2025-11:07:36] [V] [TRT] CUDA lazy loading is enabled.
[01/17/2025-11:07:36] [I] Setting persistentCacheLimit to 0 bytes.
[01/17/2025-11:07:36] [V] Using enqueueV3.
[01/17/2025-11:07:36] [I] Using random values for input images
[01/17/2025-11:07:36] [I] Input binding for images with dimensions 1x3x640x640 is created.
[01/17/2025-11:07:36] [I] Output binding for output0 with dimensions 1x8400x84 is created.
[01/17/2025-11:07:36] [I] Starting inference
[01/17/2025-11:07:40] [I] Warmup completed 140 queries over 200 ms
[01/17/2025-11:07:40] [I] Timing trace has 3835 queries over 3.00135 s
[01/17/2025-11:07:40] [I] 
[01/17/2025-11:07:40] [I] === Trace details ===
[01/17/2025-11:07:40] [I] Trace averages of 10 runs:
[01/17/2025-11:07:40] [I] Average on 10 runs - GPU latency: 0.787659 ms - Host latency: 0.787659 ms (enqueue 0.0419968 ms)
[01/17/2025-11:07:40] [I] Average on 10 runs - GPU latency: 0.835381 ms - Host latency: 0.835381 ms (enqueue 0.0211517 ms)
[01/17/2025-11:07:40] [I] Average on 10 runs - GPU latency: 0.807425 ms - Host latency: 0.807425 ms (enqueue 0.0149139 ms)
[01/17/2025-11:07:40] [I] Average on 10 runs - GPU latency: 0.787354 ms - Host latency: 0.787354 ms (enqueue 0.0136658 ms)
[01/17/2025-11:07:40] [I] Average on 10 runs - GPU latency: 0.785818 ms - Host latency: 0.785818 ms (enqueue 0.0134079 ms)
[01/17/2025-11:07:40] [I] Average on 10 runs - GPU latency: 0.846744 ms - Host latency: 0.846744 ms (enqueue 0.0137177 ms)
[01/17/2025-11:07:40] [I] Average on 10 runs - GPU latency: 0.786435 ms - Host latency: 0.786435 ms (enqueue 0.0143631 ms)
[01/17/2025-11:07:40] [I] Average on 10 runs - GPU latency: 0.786227 ms - Host latency: 0.786227 ms (enqueue 0.0216003 ms)
[01/17/2025-11:07:40] [I] Average on 10 runs - GPU latency: 0.786328 ms - Host latency: 0.786328 ms (enqueue 0.0147552 ms)
[01/17/2025-11:07:40] [I] Average on 10 runs - GPU latency: 0.823709 ms - Host latency: 0.823709 ms (enqueue 0.0337891 ms)
[01/17/2025-11:07:40] [I] Average on 10 runs - GPU latency: 0.805478 ms - Host latency: 0.805478 ms (enqueue 0.0204651 ms)
[01/17/2025-11:07:40] [I] Average on 10 runs - GPU latency: 0.785919 ms - Host latency: 0.785919 ms (enqueue 0.0402496 ms)
[01/17/2025-11:07:40] [I] Average on 10 runs - GPU latency: 0.783356 ms - Host latency: 0.783356 ms (enqueue 0.0142822 ms)
[01/17/2025-11:07:40] [I] Average on 10 runs - GPU latency: 0.807324 ms - Host latency: 0.807324 ms (enqueue 0.0391724 ms)
[01/17/2025-11:07:40] [I] Average on 10 runs - GPU latency: 0.789093 ms - Host latency: 0.789093 ms (enqueue 0.116547 ms)
[01/17/2025-11:07:40] [I] Average on 10 runs - GPU latency: 0.7638 ms - Host latency: 0.7638 ms (enqueue 0.0246552 ms)
[01/17/2025-11:07:40] [I] Average on 10 runs - GPU latency: 0.762671 ms - Host latency: 0.762671 ms (enqueue 0.0526337 ms)
[01/17/2025-11:07:40] [I] Average on 10 runs - GPU latency: 0.784177 ms - Host latency: 0.784177 ms (enqueue 0.0242645 ms)
[01/17/2025-11:07:40] [I] Average on 10 runs - GPU latency: 0.77988 ms - Host latency: 0.77988 ms (enqueue 0.0332092 ms)
[01/17/2025-11:07:40] [I] Average on 10 runs - GPU latency: 0.782336 ms - Host latency: 0.782336 ms (enqueue 0.0603149 ms)
[01/17/2025-11:07:40] [I] Average on 10 runs - GPU latency: 0.762363 ms - Host latency: 0.762363 ms (enqueue 0.0136414 ms)
[01/17/2025-11:07:40] [I] Average on 10 runs - GPU latency: 0.762677 ms - Host latency: 0.762677 ms (enqueue 0.035788 ms)
[01/17/2025-11:07:40] [I] Average on 10 runs - GPU latency: 0.80957 ms - Host latency: 0.80957 ms (enqueue 0.0753052 ms)
[01/17/2025-11:07:40] [I] Average on 10 runs - GPU latency: 0.781927 ms - Host latency: 0.781927 ms (enqueue 0.0199188 ms)
[01/17/2025-11:07:40] [I] Average on 10 runs - GPU latency: 0.762775 ms - Host latency: 0.762775 ms (enqueue 0.0135468 ms)
[01/17/2025-11:07:40] [I] Average on 10 runs - GPU latency: 0.763599 ms - Host latency: 0.763599 ms (enqueue 0.0142853 ms)
[01/17/2025-11:07:40] [I] Average on 10 runs - GPU latency: 0.801178 ms - Host latency: 0.801178 ms (enqueue 0.0216553 ms)
[01/17/2025-11:07:40] [I] Average on 10 runs - GPU latency: 0.762781 ms - Host latency: 0.762781 ms (enqueue 0.0271484 ms)
[01/17/2025-11:07:40] [I] Average on 10 runs - GPU latency: 0.782541 ms - Host latency: 0.782541 ms (enqueue 0.0139618 ms)
[01/17/2025-11:07:40] [I] Average on 10 runs - GPU latency: 0.76319 ms - Host latency: 0.76319 ms (enqueue 0.0255096 ms)
[01/17/2025-11:07:40] [I] Average on 10 runs - GPU latency: 0.802612 ms - Host latency: 0.802612 ms (enqueue 0.0166779 ms)
[01/17/2025-11:07:40] [I] Average on 10 runs - GPU latency: 0.762982 ms - Host latency: 0.762982 ms (enqueue 0.0146332 ms)
[01/17/2025-11:07:40] [I] Average on 10 runs - GPU latency: 0.799026 ms - Host latency: 0.799026 ms (enqueue 0.0145447 ms)
[01/17/2025-11:07:40] [I] Average on 10 runs - GPU latency: 0.763495 ms - Host latency: 0.763495 ms (enqueue 0.0426819 ms)
[01/17/2025-11:07:40] [I] Average on 10 runs - GPU latency: 0.763284 ms - Host latency: 0.763284 ms (enqueue 0.0148468 ms)
[01/17/2025-11:07:40] [I] Average on 10 runs - GPU latency: 0.80752 ms - Host latency: 0.80752 ms (enqueue 0.0195343 ms)
[01/17/2025-11:07:40] [I] Average on 10 runs - GPU latency: 0.782947 ms - Host latency: 0.782947 ms (enqueue 0.0135712 ms)
[01/17/2025-11:07:40] [I] Average on 10 runs - GPU latency: 0.764008 ms - Host latency: 0.764008 ms (enqueue 0.0174194 ms)
[01/17/2025-11:07:40] [I] Average on 10 runs - GPU latency: 0.764929 ms - Host latency: 0.764929 ms (enqueue 0.0334656 ms)
[01/17/2025-11:07:40] [I] Average on 10 runs - GPU latency: 0.829041 ms - Host latency: 0.829041 ms (enqueue 0.0208862 ms)
[01/17/2025-11:07:40] [I] Average on 10 runs - GPU latency: 0.765137 ms - Host latency: 0.765137 ms (enqueue 0.0138184 ms)
[01/17/2025-11:07:40] [I] Average on 10 runs - GPU latency: 0.765131 ms - Host latency: 0.765131 ms (enqueue 0.01698 ms)
[01/17/2025-11:07:40] [I] Average on 10 runs - GPU latency: 0.765124 ms - Host latency: 0.765124 ms (enqueue 0.038269 ms)
[01/17/2025-11:07:40] [I] Average on 10 runs - GPU latency: 0.81438 ms - Host latency: 0.81438 ms (enqueue 0.120959 ms)
[01/17/2025-11:07:40] [I] Average on 10 runs - GPU latency: 0.784698 ms - Host latency: 0.784698 ms (enqueue 0.0133728 ms)
[01/17/2025-11:07:40] [I] Average on 10 runs - GPU latency: 0.76524 ms - Host latency: 0.76524 ms (enqueue 0.0412842 ms)
[01/17/2025-11:07:40] [I] Average on 10 runs - GPU latency: 0.765546 ms - Host latency: 0.765546 ms (enqueue 0.065564 ms)
[01/17/2025-11:07:40] [I] Average on 10 runs - GPU latency: 0.804663 ms - Host latency: 0.804663 ms (enqueue 0.0147644 ms)
[01/17/2025-11:07:40] [I] Average on 10 runs - GPU latency: 0.784387 ms - Host latency: 0.784387 ms (enqueue 0.0400269 ms)
[01/17/2025-11:07:40] [I] Average on 10 runs - GPU latency: 0.76524 ms - Host latency: 0.76524 ms (enqueue 0.0147217 ms)
[01/17/2025-11:07:40] [I] Average on 10 runs - GPU latency: 0.765448 ms - Host latency: 0.765448 ms (enqueue 0.0430115 ms)
[01/17/2025-11:07:40] [I] Average on 10 runs - GPU latency: 0.765137 ms - Host latency: 0.765137 ms (enqueue 0.0212158 ms)
[01/17/2025-11:07:40] [I] Average on 10 runs - GPU latency: 0.807123 ms - Host latency: 0.807123 ms (enqueue 0.0170654 ms)
[01/17/2025-11:07:40] [I] Average on 10 runs - GPU latency: 0.764929 ms - Host latency: 0.764929 ms (enqueue 0.0232483 ms)
[01/17/2025-11:07:40] [I] Average on 10 runs - GPU latency: 0.790631 ms - Host latency: 0.790631 ms (enqueue 0.0193176 ms)
[01/17/2025-11:07:40] [I] Average on 10 runs - GPU latency: 0.765338 ms - Host latency: 0.765338 ms (enqueue 0.0202454 ms)
[01/17/2025-11:07:40] [I] Average on 10 runs - GPU latency: 0.824628 ms - Host latency: 0.824628 ms (enqueue 0.0269592 ms)
[01/17/2025-11:07:40] [I] Average on 10 runs - GPU latency: 0.765857 ms - Host latency: 0.765857 ms (enqueue 0.0144165 ms)
[01/17/2025-11:07:40] [I] Average on 10 runs - GPU latency: 0.764825 ms - Host latency: 0.764825 ms (enqueue 0.0139221 ms)
[01/17/2025-11:07:40] [I] Average on 10 runs - GPU latency: 0.764722 ms - Host latency: 0.764722 ms (enqueue 0.0137817 ms)
[01/17/2025-11:07:40] [I] Average on 10 runs - GPU latency: 0.810895 ms - Host latency: 0.810895 ms (enqueue 0.0150085 ms)
[01/17/2025-11:07:40] [I] Average on 10 runs - GPU latency: 0.764832 ms - Host latency: 0.764832 ms (enqueue 0.0169006 ms)
[01/17/2025-11:07:40] [I] Average on 10 runs - GPU latency: 0.784589 ms - Host latency: 0.784589 ms (enqueue 0.0149597 ms)
[01/17/2025-11:07:40] [I] Average on 10 runs - GPU latency: 0.764813 ms - Host latency: 0.764813 ms (enqueue 0.0141968 ms)
[01/17/2025-11:07:40] [I] Average on 10 runs - GPU latency: 0.805988 ms - Host latency: 0.805988 ms (enqueue 0.0160583 ms)
[01/17/2025-11:07:40] [I] Average on 10 runs - GPU latency: 0.766052 ms - Host latency: 0.766052 ms (enqueue 0.0170471 ms)
[01/17/2025-11:07:40] [I] Average on 10 runs - GPU latency: 0.792267 ms - Host latency: 0.792267 ms (enqueue 0.0148499 ms)
[01/17/2025-11:07:40] [I] Average on 10 runs - GPU latency: 0.765454 ms - Host latency: 0.765454 ms (enqueue 0.0154663 ms)
[01/17/2025-11:07:40] [I] Average on 10 runs - GPU latency: 0.765124 ms - Host latency: 0.765124 ms (enqueue 0.0895081 ms)
[01/17/2025-11:07:40] [I] Average on 10 runs - GPU latency: 0.805597 ms - Host latency: 0.805597 ms (enqueue 0.0306458 ms)
[01/17/2025-11:07:40] [I] Average on 10 runs - GPU latency: 0.785815 ms - Host latency: 0.785815 ms (enqueue 0.0131287 ms)
[01/17/2025-11:07:40] [I] Average on 10 runs - GPU latency: 0.766565 ms - Host latency: 0.766565 ms (enqueue 0.0143372 ms)
[01/17/2025-11:07:40] [I] Average on 10 runs - GPU latency: 0.76543 ms - Host latency: 0.76543 ms (enqueue 0.0460754 ms)
[01/17/2025-11:07:40] [I] Average on 10 runs - GPU latency: 0.802521 ms - Host latency: 0.802521 ms (enqueue 0.0147888 ms)
[01/17/2025-11:07:40] [I] Average on 10 runs - GPU latency: 0.786835 ms - Host latency: 0.786835 ms (enqueue 0.0141785 ms)
[01/17/2025-11:07:40] [I] Average on 10 runs - GPU latency: 0.765344 ms - Host latency: 0.765344 ms (enqueue 0.0138855 ms)
[01/17/2025-11:07:40] [I] Average on 10 runs - GPU latency: 0.765131 ms - Host latency: 0.765131 ms (enqueue 0.0132568 ms)
[01/17/2025-11:07:40] [I] Average on 10 runs - GPU latency: 0.80589 ms - Host latency: 0.80589 ms (enqueue 0.109027 ms)
[01/17/2025-11:07:40] [I] Average on 10 runs - GPU latency: 0.765839 ms - Host latency: 0.765839 ms (enqueue 0.0418518 ms)
[01/17/2025-11:07:40] [I] Average on 10 runs - GPU latency: 0.786737 ms - Host latency: 0.786737 ms (enqueue 0.0203735 ms)
[01/17/2025-11:07:40] [I] Average on 10 runs - GPU latency: 0.765546 ms - Host latency: 0.765546 ms (enqueue 0.0141418 ms)
[01/17/2025-11:07:40] [I] Average on 10 runs - GPU latency: 0.786328 ms - Host latency: 0.786328 ms (enqueue 0.0196045 ms)
[01/17/2025-11:07:40] [I] Average on 10 runs - GPU latency: 0.785095 ms - Host latency: 0.785095 ms (enqueue 0.094519 ms)
[01/17/2025-11:07:40] [I] Average on 10 runs - GPU latency: 0.784582 ms - Host latency: 0.784582 ms (enqueue 0.0746277 ms)
[01/17/2025-11:07:40] [I] Average on 10 runs - GPU latency: 0.765759 ms - Host latency: 0.765759 ms (enqueue 0.0195862 ms)
[01/17/2025-11:07:40] [I] Average on 10 runs - GPU latency: 0.765234 ms - Host latency: 0.765234 ms (enqueue 0.0169189 ms)
[01/17/2025-11:07:40] [I] Average on 10 runs - GPU latency: 0.802405 ms - Host latency: 0.802405 ms (enqueue 0.0178284 ms)
[01/17/2025-11:07:40] [I] Average on 10 runs - GPU latency: 0.782336 ms - Host latency: 0.782336 ms (enqueue 0.0360229 ms)
[01/17/2025-11:07:40] [I] Average on 10 runs - GPU latency: 0.765637 ms - Host latency: 0.765637 ms (enqueue 0.021814 ms)
[01/17/2025-11:07:40] [I] Average on 10 runs - GPU latency: 0.765137 ms - Host latency: 0.765137 ms (enqueue 0.0200012 ms)
[01/17/2025-11:07:40] [I] Average on 10 runs - GPU latency: 0.814398 ms - Host latency: 0.814398 ms (enqueue 0.0203613 ms)
[01/17/2025-11:07:40] [I] Average on 10 runs - GPU latency: 0.784479 ms - Host latency: 0.784479 ms (enqueue 0.0158813 ms)
[01/17/2025-11:07:40] [I] Average on 10 runs - GPU latency: 0.765234 ms - Host latency: 0.765234 ms (enqueue 0.0175903 ms)
[01/17/2025-11:07:40] [I] Average on 10 runs - GPU latency: 0.765948 ms - Host latency: 0.765948 ms (enqueue 0.0139526 ms)
[01/17/2025-11:07:40] [I] Average on 10 runs - GPU latency: 0.815912 ms - Host latency: 0.815912 ms (enqueue 0.0271362 ms)
[01/17/2025-11:07:40] [I] Average on 10 runs - GPU latency: 0.765247 ms - Host latency: 0.765247 ms (enqueue 0.0454163 ms)
[01/17/2025-11:07:40] [I] Average on 10 runs - GPU latency: 0.802814 ms - Host latency: 0.802814 ms (enqueue 0.0177368 ms)
[01/17/2025-11:07:40] [I] Average on 10 runs - GPU latency: 0.765344 ms - Host latency: 0.765344 ms (enqueue 0.0243286 ms)
[01/17/2025-11:07:40] [I] Average on 10 runs - GPU latency: 0.783972 ms - Host latency: 0.783972 ms (enqueue 0.0143066 ms)
[01/17/2025-11:07:40] [I] Average on 10 runs - GPU latency: 0.784283 ms - Host latency: 0.784283 ms (enqueue 0.0181702 ms)
[01/17/2025-11:07:40] [I] Average on 10 runs - GPU latency: 0.76524 ms - Host latency: 0.76524 ms (enqueue 0.0130981 ms)
[01/17/2025-11:07:40] [I] Average on 10 runs - GPU latency: 0.781421 ms - Host latency: 0.781421 ms (enqueue 0.0145203 ms)
[01/17/2025-11:07:40] [I] Average on 10 runs - GPU latency: 0.765228 ms - Host latency: 0.765228 ms (enqueue 0.0130432 ms)
[01/17/2025-11:07:40] [I] Average on 10 runs - GPU latency: 0.808447 ms - Host latency: 0.808447 ms (enqueue 0.0144714 ms)
[01/17/2025-11:07:40] [I] Average on 10 runs - GPU latency: 0.784387 ms - Host latency: 0.784387 ms (enqueue 0.0136353 ms)
[01/17/2025-11:07:40] [I] Average on 10 runs - GPU latency: 0.766278 ms - Host latency: 0.766278 ms (enqueue 0.0149414 ms)
[01/17/2025-11:07:40] [I] Average on 10 runs - GPU latency: 0.76521 ms - Host latency: 0.76521 ms (enqueue 0.0131958 ms)
[01/17/2025-11:07:40] [I] Average on 10 runs - GPU latency: 0.804248 ms - Host latency: 0.804248 ms (enqueue 0.0302734 ms)
[01/17/2025-11:07:40] [I] Average on 10 runs - GPU latency: 0.784204 ms - Host latency: 0.784204 ms (enqueue 0.0191895 ms)
[01/17/2025-11:07:40] [I] Average on 10 runs - GPU latency: 0.76532 ms - Host latency: 0.76532 ms (enqueue 0.0189575 ms)
[01/17/2025-11:07:40] [I] Average on 10 runs - GPU latency: 0.765271 ms - Host latency: 0.765271 ms (enqueue 0.0149902 ms)
[01/17/2025-11:07:40] [I] Average on 10 runs - GPU latency: 0.801404 ms - Host latency: 0.801404 ms (enqueue 0.0156494 ms)
[01/17/2025-11:07:40] [I] Average on 10 runs - GPU latency: 0.765845 ms - Host latency: 0.765845 ms (enqueue 0.0158569 ms)
[01/17/2025-11:07:40] [I] Average on 10 runs - GPU latency: 0.7849 ms - Host latency: 0.7849 ms (enqueue 0.027478 ms)
[01/17/2025-11:07:40] [I] Average on 10 runs - GPU latency: 0.764294 ms - Host latency: 0.764294 ms (enqueue 0.092334 ms)
[01/17/2025-11:07:40] [I] Average on 10 runs - GPU latency: 0.803003 ms - Host latency: 0.803003 ms (enqueue 0.0148071 ms)
[01/17/2025-11:07:40] [I] Average on 10 runs - GPU latency: 0.828943 ms - Host latency: 0.828943 ms (enqueue 0.0495239 ms)
[01/17/2025-11:07:40] [I] Average on 10 runs - GPU latency: 0.76554 ms - Host latency: 0.76554 ms (enqueue 0.0134888 ms)
[01/17/2025-11:07:40] [I] Average on 10 runs - GPU latency: 0.806396 ms - Host latency: 0.806396 ms (enqueue 0.0159424 ms)
[01/17/2025-11:07:40] [I] Average on 10 runs - GPU latency: 0.76543 ms - Host latency: 0.76543 ms (enqueue 0.11366 ms)
[01/17/2025-11:07:40] [I] Average on 10 runs - GPU latency: 0.804138 ms - Host latency: 0.804138 ms (enqueue 0.0844849 ms)
[01/17/2025-11:07:40] [I] Average on 10 runs - GPU latency: 0.764722 ms - Host latency: 0.764722 ms (enqueue 0.0158203 ms)
[01/17/2025-11:07:40] [I] Average on 10 runs - GPU latency: 0.782019 ms - Host latency: 0.782019 ms (enqueue 0.0157593 ms)
[01/17/2025-11:07:40] [I] Average on 10 runs - GPU latency: 0.765137 ms - Host latency: 0.765137 ms (enqueue 0.0161377 ms)
[01/17/2025-11:07:40] [I] Average on 10 runs - GPU latency: 0.802722 ms - Host latency: 0.802722 ms (enqueue 0.037207 ms)
[01/17/2025-11:07:40] [I] Average on 10 runs - GPU latency: 0.76604 ms - Host latency: 0.76604 ms (enqueue 0.0197632 ms)
[01/17/2025-11:07:40] [I] Average on 10 runs - GPU latency: 0.785193 ms - Host latency: 0.785193 ms (enqueue 0.0241089 ms)
[01/17/2025-11:07:40] [I] Average on 10 runs - GPU latency: 0.765247 ms - Host latency: 0.765247 ms (enqueue 0.0154541 ms)
[01/17/2025-11:07:40] [I] Average on 10 runs - GPU latency: 0.804346 ms - Host latency: 0.804346 ms (enqueue 0.0146973 ms)
[01/17/2025-11:07:40] [I] Average on 10 runs - GPU latency: 0.765124 ms - Host latency: 0.765124 ms (enqueue 0.0155029 ms)
[01/17/2025-11:07:40] [I] Average on 10 runs - GPU latency: 0.782629 ms - Host latency: 0.782629 ms (enqueue 0.0141479 ms)
[01/17/2025-11:07:40] [I] Average on 10 runs - GPU latency: 0.764722 ms - Host latency: 0.764722 ms (enqueue 0.0326416 ms)
[01/17/2025-11:07:40] [I] Average on 10 runs - GPU latency: 0.765576 ms - Host latency: 0.765576 ms (enqueue 0.0143433 ms)
[01/17/2025-11:07:40] [I] Average on 10 runs - GPU latency: 0.825061 ms - Host latency: 0.825061 ms (enqueue 0.0144409 ms)
[01/17/2025-11:07:40] [I] Average on 10 runs - GPU latency: 0.765039 ms - Host latency: 0.765039 ms (enqueue 0.0202515 ms)
[01/17/2025-11:07:40] [I] Average on 10 runs - GPU latency: 0.765015 ms - Host latency: 0.765015 ms (enqueue 0.0219116 ms)
[01/17/2025-11:07:40] [I] Average on 10 runs - GPU latency: 0.765454 ms - Host latency: 0.765454 ms (enqueue 0.017749 ms)
[01/17/2025-11:07:40] [I] Average on 10 runs - GPU latency: 0.803149 ms - Host latency: 0.803149 ms (enqueue 0.0279785 ms)
[01/17/2025-11:07:40] [I] Average on 10 runs - GPU latency: 0.784192 ms - Host latency: 0.784192 ms (enqueue 0.0139648 ms)
[01/17/2025-11:07:40] [I] Average on 10 runs - GPU latency: 0.765576 ms - Host latency: 0.765576 ms (enqueue 0.0539429 ms)
[01/17/2025-11:07:40] [I] Average on 10 runs - GPU latency: 0.764844 ms - Host latency: 0.764844 ms (enqueue 0.0434326 ms)
[01/17/2025-11:07:40] [I] Average on 10 runs - GPU latency: 0.802307 ms - Host latency: 0.802307 ms (enqueue 0.0210938 ms)
[01/17/2025-11:07:40] [I] Average on 10 runs - GPU latency: 0.791541 ms - Host latency: 0.791541 ms (enqueue 0.0142578 ms)
[01/17/2025-11:07:40] [I] Average on 10 runs - GPU latency: 0.765967 ms - Host latency: 0.765967 ms (enqueue 0.0156738 ms)
[01/17/2025-11:07:40] [I] Average on 10 runs - GPU latency: 0.765662 ms - Host latency: 0.765662 ms (enqueue 0.0318359 ms)
[01/17/2025-11:07:40] [I] Average on 10 runs - GPU latency: 0.784412 ms - Host latency: 0.784412 ms (enqueue 0.022644 ms)
[01/17/2025-11:07:40] [I] Average on 10 runs - GPU latency: 0.785413 ms - Host latency: 0.785413 ms (enqueue 0.0221313 ms)
[01/17/2025-11:07:40] [I] Average on 10 runs - GPU latency: 0.78396 ms - Host latency: 0.78396 ms (enqueue 0.0138672 ms)
[01/17/2025-11:07:40] [I] Average on 10 runs - GPU latency: 0.765662 ms - Host latency: 0.765662 ms (enqueue 0.0147949 ms)
[01/17/2025-11:07:40] [I] Average on 10 runs - GPU latency: 0.765027 ms - Host latency: 0.765027 ms (enqueue 0.0137329 ms)
[01/17/2025-11:07:40] [I] Average on 10 runs - GPU latency: 0.804358 ms - Host latency: 0.804358 ms (enqueue 0.0167236 ms)
[01/17/2025-11:07:40] [I] Average on 10 runs - GPU latency: 0.791858 ms - Host latency: 0.791858 ms (enqueue 0.0141357 ms)
[01/17/2025-11:07:40] [I] Average on 10 runs - GPU latency: 0.766467 ms - Host latency: 0.766467 ms (enqueue 0.0164185 ms)
[01/17/2025-11:07:40] [I] Average on 10 runs - GPU latency: 0.764819 ms - Host latency: 0.764819 ms (enqueue 0.0148315 ms)
[01/17/2025-11:07:40] [I] Average on 10 runs - GPU latency: 0.810706 ms - Host latency: 0.810706 ms (enqueue 0.0167236 ms)
[01/17/2025-11:07:40] [I] Average on 10 runs - GPU latency: 0.765698 ms - Host latency: 0.765698 ms (enqueue 0.0153931 ms)
[01/17/2025-11:07:40] [I] Average on 10 runs - GPU latency: 0.785913 ms - Host latency: 0.785913 ms (enqueue 0.0246704 ms)
[01/17/2025-11:07:40] [I] Average on 10 runs - GPU latency: 0.76582 ms - Host latency: 0.76582 ms (enqueue 0.0199951 ms)
[01/17/2025-11:07:40] [I] Average on 10 runs - GPU latency: 0.805469 ms - Host latency: 0.805469 ms (enqueue 0.0266602 ms)
[01/17/2025-11:07:40] [I] Average on 10 runs - GPU latency: 0.76554 ms - Host latency: 0.76554 ms (enqueue 0.0152588 ms)
[01/17/2025-11:07:40] [I] Average on 10 runs - GPU latency: 0.810498 ms - Host latency: 0.810498 ms (enqueue 0.0768311 ms)
[01/17/2025-11:07:40] [I] Average on 10 runs - GPU latency: 0.764941 ms - Host latency: 0.764941 ms (enqueue 0.0137573 ms)
[01/17/2025-11:07:40] [I] Average on 10 runs - GPU latency: 0.794214 ms - Host latency: 0.794214 ms (enqueue 0.0138794 ms)
[01/17/2025-11:07:40] [I] Average on 10 runs - GPU latency: 0.787891 ms - Host latency: 0.787891 ms (enqueue 0.0156616 ms)
[01/17/2025-11:07:40] [I] Average on 10 runs - GPU latency: 0.784387 ms - Host latency: 0.784387 ms (enqueue 0.0162598 ms)
[01/17/2025-11:07:40] [I] Average on 10 runs - GPU latency: 0.764917 ms - Host latency: 0.764917 ms (enqueue 0.0134888 ms)
[01/17/2025-11:07:40] [I] Average on 10 runs - GPU latency: 0.764929 ms - Host latency: 0.764929 ms (enqueue 0.0143433 ms)
[01/17/2025-11:07:40] [I] Average on 10 runs - GPU latency: 0.829834 ms - Host latency: 0.829834 ms (enqueue 0.0165649 ms)
[01/17/2025-11:07:40] [I] Average on 10 runs - GPU latency: 0.765027 ms - Host latency: 0.765027 ms (enqueue 0.0146729 ms)
[01/17/2025-11:07:40] [I] Average on 10 runs - GPU latency: 0.765454 ms - Host latency: 0.765454 ms (enqueue 0.0191772 ms)
[01/17/2025-11:07:40] [I] Average on 10 runs - GPU latency: 0.765149 ms - Host latency: 0.765149 ms (enqueue 0.0206543 ms)
[01/17/2025-11:07:40] [I] Average on 10 runs - GPU latency: 0.802417 ms - Host latency: 0.802417 ms (enqueue 0.0224121 ms)
[01/17/2025-11:07:40] [I] Average on 10 runs - GPU latency: 0.784033 ms - Host latency: 0.784033 ms (enqueue 0.0140869 ms)
[01/17/2025-11:07:40] [I] Average on 10 runs - GPU latency: 0.765259 ms - Host latency: 0.765259 ms (enqueue 0.0458496 ms)
[01/17/2025-11:07:40] [I] Average on 10 runs - GPU latency: 0.765735 ms - Host latency: 0.765735 ms (enqueue 0.0141479 ms)
[01/17/2025-11:07:40] [I] Average on 10 runs - GPU latency: 0.808643 ms - Host latency: 0.808643 ms (enqueue 0.0196411 ms)
[01/17/2025-11:07:40] [I] Average on 10 runs - GPU latency: 0.784473 ms - Host latency: 0.784473 ms (enqueue 0.015564 ms)
[01/17/2025-11:07:40] [I] Average on 10 runs - GPU latency: 0.765344 ms - Host latency: 0.765344 ms (enqueue 0.0135376 ms)
[01/17/2025-11:07:40] [I] Average on 10 runs - GPU latency: 0.764722 ms - Host latency: 0.764722 ms (enqueue 0.0137695 ms)
[01/17/2025-11:07:40] [I] Average on 10 runs - GPU latency: 0.765637 ms - Host latency: 0.765637 ms (enqueue 0.0133789 ms)
[01/17/2025-11:07:40] [I] Average on 10 runs - GPU latency: 0.812353 ms - Host latency: 0.812353 ms (enqueue 0.0441284 ms)
[01/17/2025-11:07:40] [I] Average on 10 runs - GPU latency: 0.765662 ms - Host latency: 0.765662 ms (enqueue 0.0376099 ms)
[01/17/2025-11:07:40] [I] Average on 10 runs - GPU latency: 0.78623 ms - Host latency: 0.78623 ms (enqueue 0.0158813 ms)
[01/17/2025-11:07:40] [I] Average on 10 runs - GPU latency: 0.765552 ms - Host latency: 0.765552 ms (enqueue 0.012854 ms)
[01/17/2025-11:07:40] [I] Average on 10 runs - GPU latency: 0.823389 ms - Host latency: 0.823389 ms (enqueue 0.0150146 ms)
[01/17/2025-11:07:40] [I] Average on 10 runs - GPU latency: 0.765027 ms - Host latency: 0.765027 ms (enqueue 0.0133545 ms)
[01/17/2025-11:07:40] [I] Average on 10 runs - GPU latency: 0.765283 ms - Host latency: 0.765283 ms (enqueue 0.0157349 ms)
[01/17/2025-11:07:40] [I] Average on 10 runs - GPU latency: 0.764929 ms - Host latency: 0.764929 ms (enqueue 0.0136475 ms)
[01/17/2025-11:07:40] [I] Average on 10 runs - GPU latency: 0.804346 ms - Host latency: 0.804346 ms (enqueue 0.037561 ms)
[01/17/2025-11:07:40] [I] Average on 10 runs - GPU latency: 0.76521 ms - Host latency: 0.76521 ms (enqueue 0.0143311 ms)
[01/17/2025-11:07:40] [I] Average on 10 runs - GPU latency: 0.781604 ms - Host latency: 0.781604 ms (enqueue 0.0146606 ms)
[01/17/2025-11:07:40] [I] Average on 10 runs - GPU latency: 0.765356 ms - Host latency: 0.765356 ms (enqueue 0.0153076 ms)
[01/17/2025-11:07:40] [I] Average on 10 runs - GPU latency: 0.811011 ms - Host latency: 0.811011 ms (enqueue 0.0155396 ms)
[01/17/2025-11:07:40] [I] Average on 10 runs - GPU latency: 0.765955 ms - Host latency: 0.765955 ms (enqueue 0.0165649 ms)
[01/17/2025-11:07:40] [I] Average on 10 runs - GPU latency: 0.784485 ms - Host latency: 0.784485 ms (enqueue 0.0141724 ms)
[01/17/2025-11:07:40] [I] Average on 10 runs - GPU latency: 0.765234 ms - Host latency: 0.765234 ms (enqueue 0.013916 ms)
[01/17/2025-11:07:40] [I] Average on 10 runs - GPU latency: 0.765015 ms - Host latency: 0.765015 ms (enqueue 0.0137817 ms)
[01/17/2025-11:07:40] [I] Average on 10 runs - GPU latency: 0.809143 ms - Host latency: 0.809143 ms (enqueue 0.109729 ms)
[01/17/2025-11:07:40] [I] Average on 10 runs - GPU latency: 0.781128 ms - Host latency: 0.781128 ms (enqueue 0.0721558 ms)
[01/17/2025-11:07:40] [I] Average on 10 runs - GPU latency: 0.764819 ms - Host latency: 0.764819 ms (enqueue 0.0712524 ms)
[01/17/2025-11:07:40] [I] Average on 10 runs - GPU latency: 0.765039 ms - Host latency: 0.765039 ms (enqueue 0.0509644 ms)
[01/17/2025-11:07:40] [I] Average on 10 runs - GPU latency: 0.829431 ms - Host latency: 0.829431 ms (enqueue 0.0334473 ms)
[01/17/2025-11:07:40] [I] Average on 10 runs - GPU latency: 0.765454 ms - Host latency: 0.765454 ms (enqueue 0.0205688 ms)
[01/17/2025-11:07:40] [I] Average on 10 runs - GPU latency: 0.76521 ms - Host latency: 0.76521 ms (enqueue 0.0166748 ms)
[01/17/2025-11:07:40] [I] Average on 10 runs - GPU latency: 0.765027 ms - Host latency: 0.765027 ms (enqueue 0.0144409 ms)
[01/17/2025-11:07:40] [I] Average on 10 runs - GPU latency: 0.80282 ms - Host latency: 0.80282 ms (enqueue 0.0170532 ms)
[01/17/2025-11:07:40] [I] Average on 10 runs - GPU latency: 0.781006 ms - Host latency: 0.781006 ms (enqueue 0.0144653 ms)
[01/17/2025-11:07:40] [I] Average on 10 runs - GPU latency: 0.765332 ms - Host latency: 0.765332 ms (enqueue 0.0928711 ms)
[01/17/2025-11:07:40] [I] Average on 10 runs - GPU latency: 0.765039 ms - Host latency: 0.765039 ms (enqueue 0.0142944 ms)
[01/17/2025-11:07:40] [I] Average on 10 runs - GPU latency: 0.805786 ms - Host latency: 0.805786 ms (enqueue 0.0223999 ms)
[01/17/2025-11:07:40] [I] Average on 10 runs - GPU latency: 0.766052 ms - Host latency: 0.766052 ms (enqueue 0.0140869 ms)
[01/17/2025-11:07:40] [I] Average on 10 runs - GPU latency: 0.787634 ms - Host latency: 0.787634 ms (enqueue 0.0160767 ms)
[01/17/2025-11:07:40] [I] Average on 10 runs - GPU latency: 0.76543 ms - Host latency: 0.76543 ms (enqueue 0.0161621 ms)
[01/17/2025-11:07:40] [I] Average on 10 runs - GPU latency: 0.765344 ms - Host latency: 0.765344 ms (enqueue 0.0133179 ms)
[01/17/2025-11:07:40] [I] Average on 10 runs - GPU latency: 0.806091 ms - Host latency: 0.806091 ms (enqueue 0.0208374 ms)
[01/17/2025-11:07:40] [I] Average on 10 runs - GPU latency: 0.789111 ms - Host latency: 0.789111 ms (enqueue 0.0203125 ms)
[01/17/2025-11:07:40] [I] Average on 10 runs - GPU latency: 0.765662 ms - Host latency: 0.765662 ms (enqueue 0.0211792 ms)
[01/17/2025-11:07:40] [I] Average on 10 runs - GPU latency: 0.764905 ms - Host latency: 0.764905 ms (enqueue 0.107104 ms)
[01/17/2025-11:07:40] [I] Average on 10 runs - GPU latency: 0.807324 ms - Host latency: 0.807324 ms (enqueue 0.0712524 ms)
[01/17/2025-11:07:40] [I] Average on 10 runs - GPU latency: 0.789209 ms - Host latency: 0.789209 ms (enqueue 0.0135376 ms)
[01/17/2025-11:07:40] [I] Average on 10 runs - GPU latency: 0.765332 ms - Host latency: 0.765332 ms (enqueue 0.0158081 ms)
[01/17/2025-11:07:40] [I] Average on 10 runs - GPU latency: 0.765295 ms - Host latency: 0.765295 ms (enqueue 0.0134155 ms)
[01/17/2025-11:07:40] [I] Average on 10 runs - GPU latency: 0.805151 ms - Host latency: 0.805151 ms (enqueue 0.0213257 ms)
[01/17/2025-11:07:40] [I] Average on 10 runs - GPU latency: 0.76532 ms - Host latency: 0.76532 ms (enqueue 0.0137207 ms)
[01/17/2025-11:07:40] [I] Average on 10 runs - GPU latency: 0.806287 ms - Host latency: 0.806287 ms (enqueue 0.0225098 ms)
[01/17/2025-11:07:40] [I] Average on 10 runs - GPU latency: 0.765637 ms - Host latency: 0.765637 ms (enqueue 0.119214 ms)
[01/17/2025-11:07:40] [I] Average on 10 runs - GPU latency: 0.787268 ms - Host latency: 0.787268 ms (enqueue 0.0498657 ms)
[01/17/2025-11:07:40] [I] Average on 10 runs - GPU latency: 0.781738 ms - Host latency: 0.781738 ms (enqueue 0.0886475 ms)
[01/17/2025-11:07:40] [I] Average on 10 runs - GPU latency: 0.78584 ms - Host latency: 0.78584 ms (enqueue 0.0567505 ms)
[01/17/2025-11:07:40] [I] Average on 10 runs - GPU latency: 0.766064 ms - Host latency: 0.766064 ms (enqueue 0.0144775 ms)
[01/17/2025-11:07:40] [I] Average on 10 runs - GPU latency: 0.765869 ms - Host latency: 0.765869 ms (enqueue 0.0144165 ms)
[01/17/2025-11:07:40] [I] Average on 10 runs - GPU latency: 0.806702 ms - Host latency: 0.806702 ms (enqueue 0.0136597 ms)
[01/17/2025-11:07:40] [I] Average on 10 runs - GPU latency: 0.78606 ms - Host latency: 0.78606 ms (enqueue 0.0596069 ms)
[01/17/2025-11:07:40] [I] Average on 10 runs - GPU latency: 0.764905 ms - Host latency: 0.764905 ms (enqueue 0.0156372 ms)
[01/17/2025-11:07:40] [I] Average on 10 runs - GPU latency: 0.76543 ms - Host latency: 0.76543 ms (enqueue 0.0156006 ms)
[01/17/2025-11:07:40] [I] Average on 10 runs - GPU latency: 0.80918 ms - Host latency: 0.80918 ms (enqueue 0.0148804 ms)
[01/17/2025-11:07:40] [I] Average on 10 runs - GPU latency: 0.78523 ms - Host latency: 0.78523 ms (enqueue 0.0139282 ms)
[01/17/2025-11:07:40] [I] Average on 10 runs - GPU latency: 0.76499 ms - Host latency: 0.76499 ms (enqueue 0.0137207 ms)
[01/17/2025-11:07:40] [I] Average on 10 runs - GPU latency: 0.765161 ms - Host latency: 0.765161 ms (enqueue 0.0187744 ms)
[01/17/2025-11:07:40] [I] Average on 10 runs - GPU latency: 0.805469 ms - Host latency: 0.805469 ms (enqueue 0.0168945 ms)
[01/17/2025-11:07:40] [I] Average on 10 runs - GPU latency: 0.76604 ms - Host latency: 0.76604 ms (enqueue 0.016626 ms)
[01/17/2025-11:07:40] [I] Average on 10 runs - GPU latency: 0.785303 ms - Host latency: 0.785303 ms (enqueue 0.0283447 ms)
[01/17/2025-11:07:40] [I] Average on 10 runs - GPU latency: 0.765772 ms - Host latency: 0.765772 ms (enqueue 0.0173584 ms)
[01/17/2025-11:07:40] [I] Average on 10 runs - GPU latency: 0.765405 ms - Host latency: 0.765405 ms (enqueue 0.0136475 ms)
[01/17/2025-11:07:40] [I] Average on 10 runs - GPU latency: 0.836108 ms - Host latency: 0.836108 ms (enqueue 0.0174561 ms)
[01/17/2025-11:07:40] [I] Average on 10 runs - GPU latency: 0.765454 ms - Host latency: 0.765454 ms (enqueue 0.0134521 ms)
[01/17/2025-11:07:40] [I] Average on 10 runs - GPU latency: 0.787134 ms - Host latency: 0.787134 ms (enqueue 0.0284424 ms)
[01/17/2025-11:07:40] [I] Average on 10 runs - GPU latency: 0.766235 ms - Host latency: 0.766235 ms (enqueue 0.0148926 ms)
[01/17/2025-11:07:40] [I] Average on 10 runs - GPU latency: 0.850122 ms - Host latency: 0.850122 ms (enqueue 0.0571777 ms)
[01/17/2025-11:07:40] [I] Average on 10 runs - GPU latency: 0.765356 ms - Host latency: 0.765356 ms (enqueue 0.0159668 ms)
[01/17/2025-11:07:40] [I] Average on 10 runs - GPU latency: 0.765039 ms - Host latency: 0.765039 ms (enqueue 0.013501 ms)
[01/17/2025-11:07:40] [I] Average on 10 runs - GPU latency: 0.76582 ms - Host latency: 0.76582 ms (enqueue 0.0160889 ms)
[01/17/2025-11:07:40] [I] Average on 10 runs - GPU latency: 0.808081 ms - Host latency: 0.808081 ms (enqueue 0.0207031 ms)
[01/17/2025-11:07:40] [I] Average on 10 runs - GPU latency: 0.765015 ms - Host latency: 0.765015 ms (enqueue 0.0383301 ms)
[01/17/2025-11:07:40] [I] Average on 10 runs - GPU latency: 0.785156 ms - Host latency: 0.785156 ms (enqueue 0.0151123 ms)
[01/17/2025-11:07:40] [I] Average on 10 runs - GPU latency: 0.765454 ms - Host latency: 0.765454 ms (enqueue 0.0153564 ms)
[01/17/2025-11:07:40] [I] Average on 10 runs - GPU latency: 0.804321 ms - Host latency: 0.804321 ms (enqueue 0.0135254 ms)
[01/17/2025-11:07:40] [I] Average on 10 runs - GPU latency: 0.765112 ms - Host latency: 0.765112 ms (enqueue 0.0163086 ms)
[01/17/2025-11:07:40] [I] Average on 10 runs - GPU latency: 0.787695 ms - Host latency: 0.787695 ms (enqueue 0.0151367 ms)
[01/17/2025-11:07:40] [I] Average on 10 runs - GPU latency: 0.765137 ms - Host latency: 0.765137 ms (enqueue 0.0135254 ms)
[01/17/2025-11:07:40] [I] Average on 10 runs - GPU latency: 0.782544 ms - Host latency: 0.782544 ms (enqueue 0.0139648 ms)
[01/17/2025-11:07:40] [I] Average on 10 runs - GPU latency: 0.782764 ms - Host latency: 0.782764 ms (enqueue 0.0189453 ms)
[01/17/2025-11:07:40] [I] Average on 10 runs - GPU latency: 0.785181 ms - Host latency: 0.785181 ms (enqueue 0.0254883 ms)
[01/17/2025-11:07:40] [I] Average on 10 runs - GPU latency: 0.765772 ms - Host latency: 0.765772 ms (enqueue 0.01604 ms)
[01/17/2025-11:07:40] [I] Average on 10 runs - GPU latency: 0.766113 ms - Host latency: 0.766113 ms (enqueue 0.0258545 ms)
[01/17/2025-11:07:40] [I] Average on 10 runs - GPU latency: 0.824316 ms - Host latency: 0.824316 ms (enqueue 0.0414307 ms)
[01/17/2025-11:07:40] [I] Average on 10 runs - GPU latency: 0.765356 ms - Host latency: 0.765356 ms (enqueue 0.0142822 ms)
[01/17/2025-11:07:40] [I] Average on 10 runs - GPU latency: 0.765796 ms - Host latency: 0.765796 ms (enqueue 0.0140381 ms)
[01/17/2025-11:07:40] [I] Average on 10 runs - GPU latency: 0.765259 ms - Host latency: 0.765259 ms (enqueue 0.0133057 ms)
[01/17/2025-11:07:40] [I] Average on 10 runs - GPU latency: 0.805664 ms - Host latency: 0.805664 ms (enqueue 0.0683594 ms)
[01/17/2025-11:07:40] [I] Average on 10 runs - GPU latency: 0.784399 ms - Host latency: 0.784399 ms (enqueue 0.0140381 ms)
[01/17/2025-11:07:40] [I] Average on 10 runs - GPU latency: 0.76543 ms - Host latency: 0.76543 ms (enqueue 0.0155518 ms)
[01/17/2025-11:07:40] [I] Average on 10 runs - GPU latency: 0.765161 ms - Host latency: 0.765161 ms (enqueue 0.0132813 ms)
[01/17/2025-11:07:40] [I] Average on 10 runs - GPU latency: 0.802295 ms - Host latency: 0.802295 ms (enqueue 0.0135498 ms)
[01/17/2025-11:07:40] [I] Average on 10 runs - GPU latency: 0.766455 ms - Host latency: 0.766455 ms (enqueue 0.0138916 ms)
[01/17/2025-11:07:40] [I] Average on 10 runs - GPU latency: 0.78501 ms - Host latency: 0.78501 ms (enqueue 0.0196777 ms)
[01/17/2025-11:07:40] [I] Average on 10 runs - GPU latency: 0.765454 ms - Host latency: 0.765454 ms (enqueue 0.0131592 ms)
[01/17/2025-11:07:40] [I] Average on 10 runs - GPU latency: 0.765015 ms - Host latency: 0.765015 ms (enqueue 0.0169922 ms)
[01/17/2025-11:07:40] [I] Average on 10 runs - GPU latency: 0.803125 ms - Host latency: 0.803125 ms (enqueue 0.0376221 ms)
[01/17/2025-11:07:40] [I] Average on 10 runs - GPU latency: 0.791382 ms - Host latency: 0.791382 ms (enqueue 0.0875488 ms)
[01/17/2025-11:07:40] [I] Average on 10 runs - GPU latency: 0.766431 ms - Host latency: 0.766431 ms (enqueue 0.0671143 ms)
[01/17/2025-11:07:40] [I] Average on 10 runs - GPU latency: 0.766455 ms - Host latency: 0.766455 ms (enqueue 0.0234375 ms)
[01/17/2025-11:07:40] [I] Average on 10 runs - GPU latency: 0.807397 ms - Host latency: 0.807397 ms (enqueue 0.0316162 ms)
[01/17/2025-11:07:40] [I] Average on 10 runs - GPU latency: 0.78501 ms - Host latency: 0.78501 ms (enqueue 0.0238525 ms)
[01/17/2025-11:07:40] [I] Average on 10 runs - GPU latency: 0.76521 ms - Host latency: 0.76521 ms (enqueue 0.0207031 ms)
[01/17/2025-11:07:40] [I] Average on 10 runs - GPU latency: 0.765503 ms - Host latency: 0.765503 ms (enqueue 0.0152832 ms)
[01/17/2025-11:07:40] [I] Average on 10 runs - GPU latency: 0.80625 ms - Host latency: 0.80625 ms (enqueue 0.0145508 ms)
[01/17/2025-11:07:40] [I] Average on 10 runs - GPU latency: 0.783374 ms - Host latency: 0.783374 ms (enqueue 0.0153076 ms)
[01/17/2025-11:07:40] [I] Average on 10 runs - GPU latency: 0.784277 ms - Host latency: 0.784277 ms (enqueue 0.0143555 ms)
[01/17/2025-11:07:40] [I] Average on 10 runs - GPU latency: 0.765552 ms - Host latency: 0.765552 ms (enqueue 0.0160889 ms)
[01/17/2025-11:07:40] [I] Average on 10 runs - GPU latency: 0.810107 ms - Host latency: 0.810107 ms (enqueue 0.0221191 ms)
[01/17/2025-11:07:40] [I] Average on 10 runs - GPU latency: 0.765381 ms - Host latency: 0.765381 ms (enqueue 0.0150635 ms)
[01/17/2025-11:07:40] [I] Average on 10 runs - GPU latency: 0.784814 ms - Host latency: 0.784814 ms (enqueue 0.0145996 ms)
[01/17/2025-11:07:40] [I] Average on 10 runs - GPU latency: 0.765039 ms - Host latency: 0.765039 ms (enqueue 0.0171875 ms)
[01/17/2025-11:07:40] [I] Average on 10 runs - GPU latency: 0.765283 ms - Host latency: 0.765283 ms (enqueue 0.0133789 ms)
[01/17/2025-11:07:40] [I] Average on 10 runs - GPU latency: 0.813696 ms - Host latency: 0.813696 ms (enqueue 0.0141357 ms)
[01/17/2025-11:07:40] [I] Average on 10 runs - GPU latency: 0.788623 ms - Host latency: 0.788623 ms (enqueue 0.0136475 ms)
[01/17/2025-11:07:40] [I] Average on 10 runs - GPU latency: 0.765845 ms - Host latency: 0.765845 ms (enqueue 0.0135986 ms)
[01/17/2025-11:07:40] [I] Average on 10 runs - GPU latency: 0.76543 ms - Host latency: 0.76543 ms (enqueue 0.0161865 ms)
[01/17/2025-11:07:40] [I] Average on 10 runs - GPU latency: 0.825317 ms - Host latency: 0.825317 ms (enqueue 0.0167725 ms)
[01/17/2025-11:07:40] [I] Average on 10 runs - GPU latency: 0.766235 ms - Host latency: 0.766235 ms (enqueue 0.0136719 ms)
[01/17/2025-11:07:40] [I] Average on 10 runs - GPU latency: 0.765552 ms - Host latency: 0.765552 ms (enqueue 0.0572266 ms)
[01/17/2025-11:07:40] [I] Average on 10 runs - GPU latency: 0.765845 ms - Host latency: 0.765845 ms (enqueue 0.0193115 ms)
[01/17/2025-11:07:40] [I] Average on 10 runs - GPU latency: 0.814014 ms - Host latency: 0.814014 ms (enqueue 0.037207 ms)
[01/17/2025-11:07:40] [I] Average on 10 runs - GPU latency: 0.788379 ms - Host latency: 0.788379 ms (enqueue 0.0203369 ms)
[01/17/2025-11:07:40] [I] Average on 10 runs - GPU latency: 0.765137 ms - Host latency: 0.765137 ms (enqueue 0.0407959 ms)
[01/17/2025-11:07:40] [I] Average on 10 runs - GPU latency: 0.765674 ms - Host latency: 0.765674 ms (enqueue 0.0140869 ms)
[01/17/2025-11:07:40] [I] Average on 10 runs - GPU latency: 0.78999 ms - Host latency: 0.78999 ms (enqueue 0.0182861 ms)
[01/17/2025-11:07:40] [I] Average on 10 runs - GPU latency: 0.806299 ms - Host latency: 0.806299 ms (enqueue 0.0546631 ms)
[01/17/2025-11:07:40] [I] Average on 10 runs - GPU latency: 0.765454 ms - Host latency: 0.765454 ms (enqueue 0.0641357 ms)
[01/17/2025-11:07:40] [I] Average on 10 runs - GPU latency: 0.76499 ms - Host latency: 0.76499 ms (enqueue 0.0131348 ms)
[01/17/2025-11:07:40] [I] Average on 10 runs - GPU latency: 0.765356 ms - Host latency: 0.765356 ms (enqueue 0.0140137 ms)
[01/17/2025-11:07:40] [I] Average on 10 runs - GPU latency: 0.805273 ms - Host latency: 0.805273 ms (enqueue 0.0248291 ms)
[01/17/2025-11:07:40] [I] Average on 10 runs - GPU latency: 0.765015 ms - Host latency: 0.765015 ms (enqueue 0.0162354 ms)
[01/17/2025-11:07:40] [I] Average on 10 runs - GPU latency: 0.79541 ms - Host latency: 0.79541 ms (enqueue 0.0256592 ms)
[01/17/2025-11:07:40] [I] Average on 10 runs - GPU latency: 0.765723 ms - Host latency: 0.765723 ms (enqueue 0.0361816 ms)
[01/17/2025-11:07:40] [I] Average on 10 runs - GPU latency: 0.828027 ms - Host latency: 0.828027 ms (enqueue 0.019458 ms)
[01/17/2025-11:07:40] [I] Average on 10 runs - GPU latency: 0.766431 ms - Host latency: 0.766431 ms (enqueue 0.0544678 ms)
[01/17/2025-11:07:40] [I] Average on 10 runs - GPU latency: 0.765259 ms - Host latency: 0.765259 ms (enqueue 0.0222168 ms)
[01/17/2025-11:07:40] [I] Average on 10 runs - GPU latency: 0.764722 ms - Host latency: 0.764722 ms (enqueue 0.0167236 ms)
[01/17/2025-11:07:40] [I] Average on 10 runs - GPU latency: 0.802563 ms - Host latency: 0.802563 ms (enqueue 0.0144775 ms)
[01/17/2025-11:07:40] [I] Average on 10 runs - GPU latency: 0.765918 ms - Host latency: 0.765918 ms (enqueue 0.0151611 ms)
[01/17/2025-11:07:40] [I] Average on 10 runs - GPU latency: 0.793506 ms - Host latency: 0.793506 ms (enqueue 0.0133057 ms)
[01/17/2025-11:07:40] [I] Average on 10 runs - GPU latency: 0.765137 ms - Host latency: 0.765137 ms (enqueue 0.0147949 ms)
[01/17/2025-11:07:40] [I] Average on 10 runs - GPU latency: 0.805273 ms - Host latency: 0.805273 ms (enqueue 0.0131836 ms)
[01/17/2025-11:07:40] [I] Average on 10 runs - GPU latency: 0.76604 ms - Host latency: 0.76604 ms (enqueue 0.0228027 ms)
[01/17/2025-11:07:40] [I] Average on 10 runs - GPU latency: 0.79021 ms - Host latency: 0.79021 ms (enqueue 0.0202393 ms)
[01/17/2025-11:07:40] [I] Average on 10 runs - GPU latency: 0.76582 ms - Host latency: 0.76582 ms (enqueue 0.0276367 ms)
[01/17/2025-11:07:40] [I] Average on 10 runs - GPU latency: 0.765967 ms - Host latency: 0.765967 ms (enqueue 0.0201904 ms)
[01/17/2025-11:07:40] [I] Average on 10 runs - GPU latency: 0.80625 ms - Host latency: 0.80625 ms (enqueue 0.0412354 ms)
[01/17/2025-11:07:40] [I] Average on 10 runs - GPU latency: 0.784595 ms - Host latency: 0.784595 ms (enqueue 0.0513184 ms)
[01/17/2025-11:07:40] [I] Average on 10 runs - GPU latency: 0.76543 ms - Host latency: 0.76543 ms (enqueue 0.0138184 ms)
[01/17/2025-11:07:40] [I] Average on 10 runs - GPU latency: 0.765308 ms - Host latency: 0.765308 ms (enqueue 0.089209 ms)
[01/17/2025-11:07:40] [I] Average on 10 runs - GPU latency: 0.805786 ms - Host latency: 0.805786 ms (enqueue 0.0867676 ms)
[01/17/2025-11:07:40] [I] Average on 10 runs - GPU latency: 0.783472 ms - Host latency: 0.783472 ms (enqueue 0.013916 ms)
[01/17/2025-11:07:40] [I] Average on 10 runs - GPU latency: 0.765259 ms - Host latency: 0.765259 ms (enqueue 0.0260254 ms)
[01/17/2025-11:07:40] [I] Average on 10 runs - GPU latency: 0.766162 ms - Host latency: 0.766162 ms (enqueue 0.0204346 ms)
[01/17/2025-11:07:40] [I] Average on 10 runs - GPU latency: 0.806348 ms - Host latency: 0.806348 ms (enqueue 0.0294434 ms)
[01/17/2025-11:07:40] [I] Average on 10 runs - GPU latency: 0.765063 ms - Host latency: 0.765063 ms (enqueue 0.0187012 ms)
[01/17/2025-11:07:40] [I] Average on 10 runs - GPU latency: 0.78418 ms - Host latency: 0.78418 ms (enqueue 0.0199463 ms)
[01/17/2025-11:07:40] [I] Average on 10 runs - GPU latency: 0.765845 ms - Host latency: 0.765845 ms (enqueue 0.0128906 ms)
[01/17/2025-11:07:40] [I] Average on 10 runs - GPU latency: 0.80752 ms - Host latency: 0.80752 ms (enqueue 0.0138184 ms)
[01/17/2025-11:07:40] [I] Average on 10 runs - GPU latency: 0.766504 ms - Host latency: 0.766504 ms (enqueue 0.013916 ms)
[01/17/2025-11:07:40] [I] Average on 10 runs - GPU latency: 0.785059 ms - Host latency: 0.785059 ms (enqueue 0.0150635 ms)
[01/17/2025-11:07:40] [I] Average on 10 runs - GPU latency: 0.764795 ms - Host latency: 0.764795 ms (enqueue 0.0137695 ms)
[01/17/2025-11:07:40] [I] Average on 10 runs - GPU latency: 0.766431 ms - Host latency: 0.766431 ms (enqueue 0.0186768 ms)
[01/17/2025-11:07:40] [I] Average on 10 runs - GPU latency: 0.804175 ms - Host latency: 0.804175 ms (enqueue 0.0318848 ms)
[01/17/2025-11:07:40] [I] Average on 10 runs - GPU latency: 0.78501 ms - Host latency: 0.78501 ms (enqueue 0.0210693 ms)
[01/17/2025-11:07:40] [I] Average on 10 runs - GPU latency: 0.765552 ms - Host latency: 0.765552 ms (enqueue 0.0376709 ms)
[01/17/2025-11:07:40] [I] Average on 10 runs - GPU latency: 0.764819 ms - Host latency: 0.764819 ms (enqueue 0.127979 ms)
[01/17/2025-11:07:40] [I] Average on 10 runs - GPU latency: 0.805103 ms - Host latency: 0.805103 ms (enqueue 0.0383057 ms)
[01/17/2025-11:07:40] [I] Average on 10 runs - GPU latency: 0.803564 ms - Host latency: 0.803564 ms (enqueue 0.0710938 ms)
[01/17/2025-11:07:40] [I] Average on 10 runs - GPU latency: 0.765063 ms - Host latency: 0.765063 ms (enqueue 0.144336 ms)
[01/17/2025-11:07:40] [I] Average on 10 runs - GPU latency: 0.765112 ms - Host latency: 0.765112 ms (enqueue 0.126343 ms)
[01/17/2025-11:07:40] [I] Average on 10 runs - GPU latency: 0.805176 ms - Host latency: 0.805176 ms (enqueue 0.128467 ms)
[01/17/2025-11:07:40] [I] Average on 10 runs - GPU latency: 0.76521 ms - Host latency: 0.76521 ms (enqueue 0.125464 ms)
[01/17/2025-11:07:40] [I] Average on 10 runs - GPU latency: 0.785156 ms - Host latency: 0.785156 ms (enqueue 0.106421 ms)
[01/17/2025-11:07:40] [I] Average on 10 runs - GPU latency: 0.764868 ms - Host latency: 0.764868 ms (enqueue 0.0130615 ms)
[01/17/2025-11:07:40] [I] Average on 10 runs - GPU latency: 0.765576 ms - Host latency: 0.765576 ms (enqueue 0.0154785 ms)
[01/17/2025-11:07:40] [I] Average on 10 runs - GPU latency: 0.807397 ms - Host latency: 0.807397 ms (enqueue 0.0386963 ms)
[01/17/2025-11:07:40] [I] Average on 10 runs - GPU latency: 0.765405 ms - Host latency: 0.765405 ms (enqueue 0.0334717 ms)
[01/17/2025-11:07:40] [I] Average on 10 runs - GPU latency: 0.784644 ms - Host latency: 0.784644 ms (enqueue 0.0185547 ms)
[01/17/2025-11:07:40] [I] Average on 10 runs - GPU latency: 0.765332 ms - Host latency: 0.765332 ms (enqueue 0.0202393 ms)
[01/17/2025-11:07:40] [I] Average on 10 runs - GPU latency: 0.802881 ms - Host latency: 0.802881 ms (enqueue 0.0180176 ms)
[01/17/2025-11:07:40] [I] Average on 10 runs - GPU latency: 0.784644 ms - Host latency: 0.784644 ms (enqueue 0.0749512 ms)
[01/17/2025-11:07:40] [I] Average on 10 runs - GPU latency: 0.765063 ms - Host latency: 0.765063 ms (enqueue 0.0211914 ms)
[01/17/2025-11:07:40] [I] Average on 10 runs - GPU latency: 0.765259 ms - Host latency: 0.765259 ms (enqueue 0.0322998 ms)
[01/17/2025-11:07:40] [I] Average on 10 runs - GPU latency: 0.804565 ms - Host latency: 0.804565 ms (enqueue 0.017627 ms)
[01/17/2025-11:07:40] [I] Average on 10 runs - GPU latency: 0.805078 ms - Host latency: 0.805078 ms (enqueue 0.0206543 ms)
[01/17/2025-11:07:40] [I] Average on 10 runs - GPU latency: 0.764673 ms - Host latency: 0.764673 ms (enqueue 0.0250977 ms)
[01/17/2025-11:07:40] [I] Average on 10 runs - GPU latency: 0.765259 ms - Host latency: 0.765259 ms (enqueue 0.0204102 ms)
[01/17/2025-11:07:40] [I] Average on 10 runs - GPU latency: 0.802563 ms - Host latency: 0.802563 ms (enqueue 0.0362305 ms)
[01/17/2025-11:07:40] [I] Average on 10 runs - GPU latency: 0.785522 ms - Host latency: 0.785522 ms (enqueue 0.0283691 ms)
[01/17/2025-11:07:40] [I] Average on 10 runs - GPU latency: 0.782104 ms - Host latency: 0.782104 ms (enqueue 0.0143799 ms)
[01/17/2025-11:07:40] [I] Average on 10 runs - GPU latency: 0.808252 ms - Host latency: 0.808252 ms (enqueue 0.0170898 ms)
[01/17/2025-11:07:40] [I] Average on 10 runs - GPU latency: 0.765527 ms - Host latency: 0.765527 ms (enqueue 0.0178955 ms)
[01/17/2025-11:07:40] [I] Average on 10 runs - GPU latency: 0.809937 ms - Host latency: 0.809937 ms (enqueue 0.0233154 ms)
[01/17/2025-11:07:40] [I] Average on 10 runs - GPU latency: 0.79082 ms - Host latency: 0.79082 ms (enqueue 0.0156982 ms)
[01/17/2025-11:07:40] [I] Average on 10 runs - GPU latency: 0.766602 ms - Host latency: 0.766602 ms (enqueue 0.0166748 ms)
[01/17/2025-11:07:40] [I] Average on 10 runs - GPU latency: 0.765381 ms - Host latency: 0.765381 ms (enqueue 0.0133301 ms)
[01/17/2025-11:07:40] [I] Average on 10 runs - GPU latency: 0.82373 ms - Host latency: 0.82373 ms (enqueue 0.0159424 ms)
[01/17/2025-11:07:40] [I] Average on 10 runs - GPU latency: 0.765112 ms - Host latency: 0.765112 ms (enqueue 0.0135742 ms)
[01/17/2025-11:07:40] [I] Average on 10 runs - GPU latency: 0.765991 ms - Host latency: 0.765991 ms (enqueue 0.0188232 ms)
[01/17/2025-11:07:40] [I] 
[01/17/2025-11:07:40] [I] === Performance summary ===
[01/17/2025-11:07:40] [I] Throughput: 1277.76 qps
[01/17/2025-11:07:40] [I] Latency: min = 0.760834 ms, max = 1.23999 ms, mean = 0.781262 ms, median = 0.765015 ms, percentile(90%) = 0.7854 ms, percentile(95%) = 0.952393 ms, percentile(99%) = 1.00555 ms
[01/17/2025-11:07:40] [I] Enqueue Time: min = 0.0117188 ms, max = 0.381592 ms, mean = 0.027447 ms, median = 0.0141602 ms, percentile(90%) = 0.052002 ms, percentile(95%) = 0.126953 ms, percentile(99%) = 0.142822 ms
[01/17/2025-11:07:40] [I] H2D Latency: min = 0 ms, max = 0 ms, mean = 0 ms, median = 0 ms, percentile(90%) = 0 ms, percentile(95%) = 0 ms, percentile(99%) = 0 ms
[01/17/2025-11:07:40] [I] GPU Compute Time: min = 0.760834 ms, max = 1.23999 ms, mean = 0.781262 ms, median = 0.765015 ms, percentile(90%) = 0.7854 ms, percentile(95%) = 0.952393 ms, percentile(99%) = 1.00555 ms
[01/17/2025-11:07:40] [I] D2H Latency: min = 0 ms, max = 0 ms, mean = 0 ms, median = 0 ms, percentile(90%) = 0 ms, percentile(95%) = 0 ms, percentile(99%) = 0 ms
[01/17/2025-11:07:40] [I] Total Host Walltime: 3.00135 s
[01/17/2025-11:07:40] [I] Total GPU Compute Time: 2.99614 s
[01/17/2025-11:07:40] [W] * GPU compute time is unstable, with coefficient of variance = 7.15567%.
[01/17/2025-11:07:40] [W]   If not already in use, locking GPU clock frequency or adding --useSpinWait may improve the stability.
[01/17/2025-11:07:40] [I] Explanations of the performance metrics are printed in the verbose logs.
[01/17/2025-11:07:40] [V] 
[01/17/2025-11:07:40] [V] === Explanations of the performance metrics ===
[01/17/2025-11:07:40] [V] Total Host Walltime: the host walltime from when the first query (after warmups) is enqueued to when the last query is completed.
[01/17/2025-11:07:40] [V] GPU Compute Time: the GPU latency to execute the kernels for a query.
[01/17/2025-11:07:40] [V] Total GPU Compute Time: the summation of the GPU Compute Time of all the queries. If this is significantly shorter than Total Host Walltime, the GPU may be under-utilized because of host-side overheads or data transfers.
[01/17/2025-11:07:40] [V] Throughput: the observed throughput computed by dividing the number of queries by the Total Host Walltime. If this is significantly lower than the reciprocal of GPU Compute Time, the GPU may be under-utilized because of host-side overheads or data transfers.
[01/17/2025-11:07:40] [V] Enqueue Time: the host latency to enqueue a query. If this is longer than GPU Compute Time, the GPU may be under-utilized.
[01/17/2025-11:07:40] [V] H2D Latency: the latency for host-to-device data transfers for input tensors of a single query.
[01/17/2025-11:07:40] [V] D2H Latency: the latency for device-to-host data transfers for output tensors of a single query.
[01/17/2025-11:07:40] [V] Latency: the summation of H2D Latency, GPU Compute Time, and D2H Latency. This is the latency to infer a single query.
[01/17/2025-11:07:40] [I] 
[01/17/2025-11:07:40] [W] [TRT] Skip layer timing collection in CUDA graph capture mode.
[01/17/2025-11:07:40] [W] Failed to collect layer timing info from previous enqueueV3()
&&&& PASSED TensorRT.trtexec [TensorRT v8601] # trtexec --verbose --noDataTransfers --useCudaGraph --separateProfileRun --useSpinWait --loadEngine=../../models/engine/yolo11s-fp16.engine --exportTimes=../../models/engine/yolo11s-fp16.engine.timing.json --exportProfile=../../models/engine/yolo11s-fp16.engine.profile.json --exportLayerInfo=../../models/engine/yolo11s-fp16.engine.graph.json --timingCacheFile=./timing.cache --profilingVerbosity=detailed
